# JRE version: OpenJDK Runtime Environment (11.0.12) (build 11.0.12+0-b1504.28-7817840)
# Java VM: OpenJDK 64-Bit Server VM (11.0.12+0-b1504.28-7817840, mixed mode, tiered, compressed oops, g1 gc, linux-amd64)
Heap:
 garbage-first heap   total 256000K, used 118162K [0x0000000080000000, 0x0000000100000000)
  region size 1024K, 88 young (90112K), 8 survivors (8192K)
 Metaspace       used 43295K, capacity 44397K, committed 44672K, reserved 1087488K
  class space    used 5601K, capacity 6000K, committed 6016K, reserved 1048576K
GC Heap History (10 events):
Event: 0,747 GC heap before
{Heap before GC invocations=0 (full 0):
 garbage-first heap   total 256000K, used 29696K [0x0000000080000000, 0x0000000100000000)
  region size 1024K, 24 young (24576K), 0 survivors (0K)
 Metaspace       used 10114K, capacity 10373K, committed 10624K, reserved 1058816K
  class space    used 1059K, capacity 1139K, committed 1152K, reserved 1048576K
}
Event: 0,754 GC heap after
{Heap after GC invocations=1 (full 0):
 garbage-first heap   total 256000K, used 9557K [0x0000000080000000, 0x0000000100000000)
  region size 1024K, 3 young (3072K), 3 survivors (3072K)
 Metaspace       used 10114K, capacity 10373K, committed 10624K, reserved 1058816K
  class space    used 1059K, capacity 1139K, committed 1152K, reserved 1048576K
}
Event: 2,350 GC heap before
{Heap before GC invocations=1 (full 0):
 garbage-first heap   total 256000K, used 102741K [0x0000000080000000, 0x0000000100000000)
  region size 1024K, 95 young (97280K), 3 survivors (3072K)
 Metaspace       used 20601K, capacity 21077K, committed 21248K, reserved 1067008K
  class space    used 2537K, capacity 2718K, committed 2816K, reserved 1048576K
}
Event: 2,363 GC heap after
{Heap after GC invocations=2 (full 0):
 garbage-first heap   total 256000K, used 17056K [0x0000000080000000, 0x0000000100000000)
  region size 1024K, 11 young (11264K), 11 survivors (11264K)
 Metaspace       used 20601K, capacity 21077K, committed 21248K, reserved 1067008K
  class space    used 2537K, capacity 2718K, committed 2816K, reserved 1048576K
}
Event: 2,653 GC heap before
{Heap before GC invocations=3 (full 0):
 garbage-first heap   total 256000K, used 38560K [0x0000000080000000, 0x0000000100000000)
  region size 1024K, 33 young (33792K), 11 survivors (11264K)
 Metaspace       used 22819K, capacity 23400K, committed 23552K, reserved 1069056K
  class space    used 2891K, capacity 3072K, committed 3072K, reserved 1048576K
}
Event: 2,662 GC heap after
{Heap after GC invocations=4 (full 0):
 garbage-first heap   total 256000K, used 17810K [0x0000000080000000, 0x0000000100000000)
  region size 1024K, 1 young (1024K), 1 survivors (1024K)
 Metaspace       used 22819K, capacity 23400K, committed 23552K, reserved 1069056K
  class space    used 2891K, capacity 3072K, committed 3072K, reserved 1048576K
}
Event: 5,017 GC heap before
{Heap before GC invocations=4 (full 0):
 garbage-first heap   total 256000K, used 131474K [0x0000000080000000, 0x0000000100000000)
  region size 1024K, 102 young (104448K), 1 survivors (1024K)
 Metaspace       used 33286K, capacity 34208K, committed 34304K, reserved 1079296K
  class space    used 4515K, capacity 4843K, committed 4864K, reserved 1048576K
}
Event: 5,024 GC heap after
{Heap after GC invocations=5 (full 0):
 garbage-first heap   total 256000K, used 34360K [0x0000000080000000, 0x0000000100000000)
  region size 1024K, 8 young (8192K), 8 survivors (8192K)
 Metaspace       used 33286K, capacity 34208K, committed 34304K, reserved 1079296K
  class space    used 4515K, capacity 4843K, committed 4864K, reserved 1048576K
}
Event: 5,216 GC heap before
{Heap before GC invocations=5 (full 0):
 garbage-first heap   total 256000K, used 41528K [0x0000000080000000, 0x0000000100000000)
  region size 1024K, 16 young (16384K), 8 survivors (8192K)
 Metaspace       used 34797K, capacity 35760K, committed 35840K, reserved 1081344K
  class space    used 4641K, capacity 4977K, committed 4992K, reserved 1048576K
}
Event: 5,226 GC heap after
{Heap after GC invocations=6 (full 0):
 garbage-first heap   total 256000K, used 35218K [0x0000000080000000, 0x0000000100000000)
  region size 1024K, 8 young (8192K), 8 survivors (8192K)
 Metaspace       used 34797K, capacity 35760K, committed 35840K, reserved 1081344K
  class space    used 4641K, capacity 4977K, committed 4992K, reserved 1048576K
}

